This file contains any messages produced by compilers while
running configure, to aid debugging if configure makes a mistake.

It was created by svaba configure 1.0, which was
generated by GNU Autoconf 2.69.  Invocation command line was

  $ ./configure 

## --------- ##
## Platform. ##
## --------- ##

hostname = sushi.biocenter.helsinki.fi
uname -m = x86_64
uname -r = 4.15.0-147-generic
uname -s = Linux
uname -v = #151-Ubuntu SMP Fri Jun 18 19:21:19 UTC 2021

/usr/bin/uname -p = unknown
/bin/uname -X     = unknown

/bin/arch              = unknown
/usr/bin/arch -k       = unknown
/usr/convex/getsysinfo = unknown
/usr/bin/hostinfo      = unknown
/bin/machine           = unknown
/usr/bin/oslevel       = unknown
/bin/universe          = unknown

PATH: /home/aloytyno/.cargo/bin
PATH: /home/aloytyno/bin
PATH: /home/aloytyno/anaconda3/bin
PATH: /home/aloytyno/anaconda3/condabin
PATH: /home/aloytyno/perl5/bin
PATH: /home/aloytyno/.usr/local/bin
PATH: /home/aloytyno/.local/bin
PATH: /home/aloytyno/bin
PATH: /usr/local/sbin
PATH: /usr/local/bin
PATH: /usr/sbin
PATH: /usr/bin
PATH: /sbin
PATH: /bin
PATH: /usr/games
PATH: /usr/local/games
PATH: /snap/bin
PATH: /opt/dell/srvadmin/bin
PATH: /viikkibc/aloytyno/software/bphoney/PBSuite_15.8.24/bin


## ----------- ##
## Core tests. ##
## ----------- ##

configure:2194: checking for a BSD-compatible install
configure:2262: result: /usr/bin/install -c
configure:2273: checking whether build environment is sane
configure:2328: result: yes
configure:2366: WARNING: 'missing' script is too old or missing
configure:2479: checking for a thread-safe mkdir -p
configure:2518: result: /bin/mkdir -p
configure:2525: checking for gawk
configure:2541: found /usr/bin/gawk
configure:2552: result: gawk
configure:2563: checking whether make sets $(MAKE)
configure:2585: result: yes
configure:2614: checking whether make supports nested variables
configure:2631: result: yes
configure:2761: checking whether to enable maintainer-specific portions of Makefiles
configure:2770: result: no
configure:2844: checking for g++
configure:2860: found /usr/bin/g++
configure:2871: result: g++
configure:2898: checking for C++ compiler version
configure:2907: g++ --version >&5
g++ (Ubuntu 7.5.0-3ubuntu1~18.04) 7.5.0
Copyright (C) 2017 Free Software Foundation, Inc.
This is free software; see the source for copying conditions.  There is NO
warranty; not even for MERCHANTABILITY or FITNESS FOR A PARTICULAR PURPOSE.

configure:2918: $? = 0
configure:2907: g++ -v >&5
Using built-in specs.
COLLECT_GCC=g++
COLLECT_LTO_WRAPPER=/usr/lib/gcc/x86_64-linux-gnu/7/lto-wrapper
OFFLOAD_TARGET_NAMES=nvptx-none
OFFLOAD_TARGET_DEFAULT=1
Target: x86_64-linux-gnu
Configured with: ../src/configure -v --with-pkgversion='Ubuntu 7.5.0-3ubuntu1~18.04' --with-bugurl=file:///usr/share/doc/gcc-7/README.Bugs --enable-languages=c,ada,c++,go,brig,d,fortran,objc,obj-c++ --prefix=/usr --with-gcc-major-version-only --program-suffix=-7 --program-prefix=x86_64-linux-gnu- --enable-shared --enable-linker-build-id --libexecdir=/usr/lib --without-included-gettext --enable-threads=posix --libdir=/usr/lib --enable-nls --enable-bootstrap --enable-clocale=gnu --enable-libstdcxx-debug --enable-libstdcxx-time=yes --with-default-libstdcxx-abi=new --enable-gnu-unique-object --disable-vtable-verify --enable-libmpx --enable-plugin --enable-default-pie --with-system-zlib --with-target-system-zlib --enable-objc-gc=auto --enable-multiarch --disable-werror --with-arch-32=i686 --with-abi=m64 --with-multilib-list=m32,m64,mx32 --enable-multilib --with-tune=generic --enable-offload-targets=nvptx-none --without-cuda-driver --enable-checking=release --build=x86_64-linux-gnu --host=x86_64-linux-gnu --target=x86_64-linux-gnu
Thread model: posix
gcc version 7.5.0 (Ubuntu 7.5.0-3ubuntu1~18.04) 
configure:2918: $? = 0
configure:2907: g++ -V >&5
g++: error: unrecognized command line option '-V'
g++: fatal error: no input files
compilation terminated.
configure:2918: $? = 1
configure:2907: g++ -qversion >&5
g++: error: unrecognized command line option '-qversion'; did you mean '--version'?
g++: fatal error: no input files
compilation terminated.
configure:2918: $? = 1
configure:2938: checking whether the C++ compiler works
configure:2960: g++    conftest.cpp  >&5
configure:2964: $? = 0
configure:3012: result: yes
configure:3015: checking for C++ compiler default output file name
configure:3017: result: a.out
configure:3023: checking for suffix of executables
configure:3030: g++ -o conftest    conftest.cpp  >&5
configure:3034: $? = 0
configure:3056: result: 
configure:3078: checking whether we are cross compiling
configure:3086: g++ -o conftest    conftest.cpp  >&5
configure:3090: $? = 0
configure:3097: ./conftest
configure:3101: $? = 0
configure:3116: result: no
configure:3121: checking for suffix of object files
configure:3143: g++ -c   conftest.cpp >&5
configure:3147: $? = 0
configure:3168: result: o
configure:3172: checking whether we are using the GNU C++ compiler
configure:3191: g++ -c   conftest.cpp >&5
configure:3191: $? = 0
configure:3200: result: yes
configure:3209: checking whether g++ accepts -g
configure:3229: g++ -c -g  conftest.cpp >&5
configure:3229: $? = 0
configure:3270: result: yes
configure:3304: checking for style of include used by make
configure:3332: result: GNU
configure:3358: checking dependency style of g++
configure:3469: result: none
configure:3532: checking for gcc
configure:3548: found /usr/bin/gcc
configure:3559: result: gcc
configure:3788: checking for C compiler version
configure:3797: gcc --version >&5
gcc (Ubuntu 7.5.0-3ubuntu1~18.04) 7.5.0
Copyright (C) 2017 Free Software Foundation, Inc.
This is free software; see the source for copying conditions.  There is NO
warranty; not even for MERCHANTABILITY or FITNESS FOR A PARTICULAR PURPOSE.

configure:3808: $? = 0
configure:3797: gcc -v >&5
Using built-in specs.
COLLECT_GCC=gcc
COLLECT_LTO_WRAPPER=/usr/lib/gcc/x86_64-linux-gnu/7/lto-wrapper
OFFLOAD_TARGET_NAMES=nvptx-none
OFFLOAD_TARGET_DEFAULT=1
Target: x86_64-linux-gnu
Configured with: ../src/configure -v --with-pkgversion='Ubuntu 7.5.0-3ubuntu1~18.04' --with-bugurl=file:///usr/share/doc/gcc-7/README.Bugs --enable-languages=c,ada,c++,go,brig,d,fortran,objc,obj-c++ --prefix=/usr --with-gcc-major-version-only --program-suffix=-7 --program-prefix=x86_64-linux-gnu- --enable-shared --enable-linker-build-id --libexecdir=/usr/lib --without-included-gettext --enable-threads=posix --libdir=/usr/lib --enable-nls --enable-bootstrap --enable-clocale=gnu --enable-libstdcxx-debug --enable-libstdcxx-time=yes --with-default-libstdcxx-abi=new --enable-gnu-unique-object --disable-vtable-verify --enable-libmpx --enable-plugin --enable-default-pie --with-system-zlib --with-target-system-zlib --enable-objc-gc=auto --enable-multiarch --disable-werror --with-arch-32=i686 --with-abi=m64 --with-multilib-list=m32,m64,mx32 --enable-multilib --with-tune=generic --enable-offload-targets=nvptx-none --without-cuda-driver --enable-checking=release --build=x86_64-linux-gnu --host=x86_64-linux-gnu --target=x86_64-linux-gnu
Thread model: posix
gcc version 7.5.0 (Ubuntu 7.5.0-3ubuntu1~18.04) 
configure:3808: $? = 0
configure:3797: gcc -V >&5
gcc: error: unrecognized command line option '-V'
gcc: fatal error: no input files
compilation terminated.
configure:3808: $? = 1
configure:3797: gcc -qversion >&5
gcc: error: unrecognized command line option '-qversion'; did you mean '--version'?
gcc: fatal error: no input files
compilation terminated.
configure:3808: $? = 1
configure:3812: checking whether we are using the GNU C compiler
configure:3831: gcc -c   conftest.c >&5
configure:3831: $? = 0
configure:3840: result: yes
configure:3849: checking whether gcc accepts -g
configure:3869: gcc -c -g  conftest.c >&5
configure:3869: $? = 0
configure:3910: result: yes
configure:3927: checking for gcc option to accept ISO C89
configure:3990: gcc  -c -g -O2  conftest.c >&5
configure:3990: $? = 0
configure:4003: result: none needed
configure:4028: checking whether gcc understands -c and -o together
configure:4050: gcc -c conftest.c -o conftest2.o
configure:4053: $? = 0
configure:4050: gcc -c conftest.c -o conftest2.o
configure:4053: $? = 0
configure:4065: result: yes
configure:4084: checking dependency style of gcc
configure:4195: result: none
configure:4253: checking for ranlib
configure:4269: found /usr/bin/ranlib
configure:4280: result: ranlib
configure:4316: checking how to run the C++ preprocessor
configure:4343: g++ -E  conftest.cpp
configure:4343: $? = 0
configure:4357: g++ -E  conftest.cpp
conftest.cpp:11:10: fatal error: ac_nonexistent.h: No such file or directory
 #include <ac_nonexistent.h>
          ^~~~~~~~~~~~~~~~~~
compilation terminated.
configure:4357: $? = 1
configure: failed program was:
| /* confdefs.h */
| #define PACKAGE_NAME "svaba"
| #define PACKAGE_TARNAME "svaba"
| #define PACKAGE_VERSION "1.0"
| #define PACKAGE_STRING "svaba 1.0"
| #define PACKAGE_BUGREPORT "jwala@broadinstitute.org"
| #define PACKAGE_URL ""
| #define PACKAGE "svaba"
| #define VERSION "1.0"
| /* end confdefs.h.  */
| #include <ac_nonexistent.h>
configure:4382: result: g++ -E
configure:4402: g++ -E  conftest.cpp
configure:4402: $? = 0
configure:4416: g++ -E  conftest.cpp
conftest.cpp:11:10: fatal error: ac_nonexistent.h: No such file or directory
 #include <ac_nonexistent.h>
          ^~~~~~~~~~~~~~~~~~
compilation terminated.
configure:4416: $? = 1
configure: failed program was:
| /* confdefs.h */
| #define PACKAGE_NAME "svaba"
| #define PACKAGE_TARNAME "svaba"
| #define PACKAGE_VERSION "1.0"
| #define PACKAGE_STRING "svaba 1.0"
| #define PACKAGE_BUGREPORT "jwala@broadinstitute.org"
| #define PACKAGE_URL ""
| #define PACKAGE "svaba"
| #define VERSION "1.0"
| /* end confdefs.h.  */
| #include <ac_nonexistent.h>
configure:4445: checking for grep that handles long lines and -e
configure:4503: result: /bin/grep
configure:4508: checking for egrep
configure:4570: result: /bin/grep -E
configure:4575: checking for ANSI C header files
configure:4595: g++ -c -g -O2  conftest.cpp >&5
configure:4595: $? = 0
configure:4668: g++ -o conftest -g -O2   conftest.cpp  >&5
configure:4668: $? = 0
configure:4668: ./conftest
configure:4668: $? = 0
configure:4679: result: yes
configure:4692: checking for sys/types.h
configure:4692: g++ -c -g -O2  conftest.cpp >&5
configure:4692: $? = 0
configure:4692: result: yes
configure:4692: checking for sys/stat.h
configure:4692: g++ -c -g -O2  conftest.cpp >&5
configure:4692: $? = 0
configure:4692: result: yes
configure:4692: checking for stdlib.h
configure:4692: g++ -c -g -O2  conftest.cpp >&5
configure:4692: $? = 0
configure:4692: result: yes
configure:4692: checking for string.h
configure:4692: g++ -c -g -O2  conftest.cpp >&5
configure:4692: $? = 0
configure:4692: result: yes
configure:4692: checking for memory.h
configure:4692: g++ -c -g -O2  conftest.cpp >&5
configure:4692: $? = 0
configure:4692: result: yes
configure:4692: checking for strings.h
configure:4692: g++ -c -g -O2  conftest.cpp >&5
configure:4692: $? = 0
configure:4692: result: yes
configure:4692: checking for inttypes.h
configure:4692: g++ -c -g -O2  conftest.cpp >&5
configure:4692: $? = 0
configure:4692: result: yes
configure:4692: checking for stdint.h
configure:4692: g++ -c -g -O2  conftest.cpp >&5
configure:4692: $? = 0
configure:4692: result: yes
configure:4692: checking for unistd.h
configure:4692: g++ -c -g -O2  conftest.cpp >&5
configure:4692: $? = 0
configure:4692: result: yes
configure:4704: checking zlib.h usability
configure:4704: g++ -c -g -O2  conftest.cpp >&5
configure:4704: $? = 0
configure:4704: result: yes
configure:4704: checking zlib.h presence
configure:4704: g++ -E  conftest.cpp
configure:4704: $? = 0
configure:4704: result: yes
configure:4704: checking for zlib.h
configure:4704: result: yes
configure:4712: checking for library containing gzopen
configure:4743: g++ -o conftest -g -O2   conftest.cpp  >&5
/tmp/ccIcElrB.o: In function `main':
/data/aloytyno/4pm/tsm_methods/svaba/conftest.cpp:32: undefined reference to `gzopen'
collect2: error: ld returned 1 exit status
configure:4743: $? = 1
configure: failed program was:
| /* confdefs.h */
| #define PACKAGE_NAME "svaba"
| #define PACKAGE_TARNAME "svaba"
| #define PACKAGE_VERSION "1.0"
| #define PACKAGE_STRING "svaba 1.0"
| #define PACKAGE_BUGREPORT "jwala@broadinstitute.org"
| #define PACKAGE_URL ""
| #define PACKAGE "svaba"
| #define VERSION "1.0"
| #define STDC_HEADERS 1
| #define HAVE_SYS_TYPES_H 1
| #define HAVE_SYS_STAT_H 1
| #define HAVE_STDLIB_H 1
| #define HAVE_STRING_H 1
| #define HAVE_MEMORY_H 1
| #define HAVE_STRINGS_H 1
| #define HAVE_INTTYPES_H 1
| #define HAVE_STDINT_H 1
| #define HAVE_UNISTD_H 1
| /* end confdefs.h.  */
| 
| /* Override any GCC internal prototype to avoid an error.
|    Use char because int might match the return type of a GCC
|    builtin and then its argument prototype would still apply.  */
| #ifdef __cplusplus
| extern "C"
| #endif
| char gzopen ();
| int
| main ()
| {
| return gzopen ();
|   ;
|   return 0;
| }
configure:4743: g++ -o conftest -g -O2   conftest.cpp -lz   >&5
configure:4743: $? = 0
configure:4760: result: -lz
configure:4770: checking for library containing clock_gettime
configure:4801: g++ -o conftest -g -O2   conftest.cpp -lz  >&5
configure:4801: $? = 0
configure:4818: result: none required
configure:4872: checking google/sparse_hash_set usability
configure:4872: g++ -c -g -O2  conftest.cpp >&5
conftest.cpp:55:10: fatal error: google/sparse_hash_set: No such file or directory
 #include <google/sparse_hash_set>
          ^~~~~~~~~~~~~~~~~~~~~~~~
compilation terminated.
configure:4872: $? = 1
configure: failed program was:
| /* confdefs.h */
| #define PACKAGE_NAME "svaba"
| #define PACKAGE_TARNAME "svaba"
| #define PACKAGE_VERSION "1.0"
| #define PACKAGE_STRING "svaba 1.0"
| #define PACKAGE_BUGREPORT "jwala@broadinstitute.org"
| #define PACKAGE_URL ""
| #define PACKAGE "svaba"
| #define VERSION "1.0"
| #define STDC_HEADERS 1
| #define HAVE_SYS_TYPES_H 1
| #define HAVE_SYS_STAT_H 1
| #define HAVE_STDLIB_H 1
| #define HAVE_STRING_H 1
| #define HAVE_MEMORY_H 1
| #define HAVE_STRINGS_H 1
| #define HAVE_INTTYPES_H 1
| #define HAVE_STDINT_H 1
| #define HAVE_UNISTD_H 1
| #define HAVE_CLOCK_GETTIME 1
| /* end confdefs.h.  */
| #include <stdio.h>
| #ifdef HAVE_SYS_TYPES_H
| # include <sys/types.h>
| #endif
| #ifdef HAVE_SYS_STAT_H
| # include <sys/stat.h>
| #endif
| #ifdef STDC_HEADERS
| # include <stdlib.h>
| # include <stddef.h>
| #else
| # ifdef HAVE_STDLIB_H
| #  include <stdlib.h>
| # endif
| #endif
| #ifdef HAVE_STRING_H
| # if !defined STDC_HEADERS && defined HAVE_MEMORY_H
| #  include <memory.h>
| # endif
| # include <string.h>
| #endif
| #ifdef HAVE_STRINGS_H
| # include <strings.h>
| #endif
| #ifdef HAVE_INTTYPES_H
| # include <inttypes.h>
| #endif
| #ifdef HAVE_STDINT_H
| # include <stdint.h>
| #endif
| #ifdef HAVE_UNISTD_H
| # include <unistd.h>
| #endif
| #include <google/sparse_hash_set>
configure:4872: result: no
configure:4872: checking google/sparse_hash_set presence
configure:4872: g++ -E  conftest.cpp
conftest.cpp:22:10: fatal error: google/sparse_hash_set: No such file or directory
 #include <google/sparse_hash_set>
          ^~~~~~~~~~~~~~~~~~~~~~~~
compilation terminated.
configure:4872: $? = 1
configure: failed program was:
| /* confdefs.h */
| #define PACKAGE_NAME "svaba"
| #define PACKAGE_TARNAME "svaba"
| #define PACKAGE_VERSION "1.0"
| #define PACKAGE_STRING "svaba 1.0"
| #define PACKAGE_BUGREPORT "jwala@broadinstitute.org"
| #define PACKAGE_URL ""
| #define PACKAGE "svaba"
| #define VERSION "1.0"
| #define STDC_HEADERS 1
| #define HAVE_SYS_TYPES_H 1
| #define HAVE_SYS_STAT_H 1
| #define HAVE_STDLIB_H 1
| #define HAVE_STRING_H 1
| #define HAVE_MEMORY_H 1
| #define HAVE_STRINGS_H 1
| #define HAVE_INTTYPES_H 1
| #define HAVE_STDINT_H 1
| #define HAVE_UNISTD_H 1
| #define HAVE_CLOCK_GETTIME 1
| /* end confdefs.h.  */
| #include <google/sparse_hash_set>
configure:4872: result: no
configure:4872: checking for google/sparse_hash_set
configure:4872: result: no
configure:4872: checking google/sparse_hash_map usability
configure:4872: g++ -c -g -O2  conftest.cpp >&5
conftest.cpp:55:10: fatal error: google/sparse_hash_map: No such file or directory
 #include <google/sparse_hash_map>
          ^~~~~~~~~~~~~~~~~~~~~~~~
compilation terminated.
configure:4872: $? = 1
configure: failed program was:
| /* confdefs.h */
| #define PACKAGE_NAME "svaba"
| #define PACKAGE_TARNAME "svaba"
| #define PACKAGE_VERSION "1.0"
| #define PACKAGE_STRING "svaba 1.0"
| #define PACKAGE_BUGREPORT "jwala@broadinstitute.org"
| #define PACKAGE_URL ""
| #define PACKAGE "svaba"
| #define VERSION "1.0"
| #define STDC_HEADERS 1
| #define HAVE_SYS_TYPES_H 1
| #define HAVE_SYS_STAT_H 1
| #define HAVE_STDLIB_H 1
| #define HAVE_STRING_H 1
| #define HAVE_MEMORY_H 1
| #define HAVE_STRINGS_H 1
| #define HAVE_INTTYPES_H 1
| #define HAVE_STDINT_H 1
| #define HAVE_UNISTD_H 1
| #define HAVE_CLOCK_GETTIME 1
| /* end confdefs.h.  */
| #include <stdio.h>
| #ifdef HAVE_SYS_TYPES_H
| # include <sys/types.h>
| #endif
| #ifdef HAVE_SYS_STAT_H
| # include <sys/stat.h>
| #endif
| #ifdef STDC_HEADERS
| # include <stdlib.h>
| # include <stddef.h>
| #else
| # ifdef HAVE_STDLIB_H
| #  include <stdlib.h>
| # endif
| #endif
| #ifdef HAVE_STRING_H
| # if !defined STDC_HEADERS && defined HAVE_MEMORY_H
| #  include <memory.h>
| # endif
| # include <string.h>
| #endif
| #ifdef HAVE_STRINGS_H
| # include <strings.h>
| #endif
| #ifdef HAVE_INTTYPES_H
| # include <inttypes.h>
| #endif
| #ifdef HAVE_STDINT_H
| # include <stdint.h>
| #endif
| #ifdef HAVE_UNISTD_H
| # include <unistd.h>
| #endif
| #include <google/sparse_hash_map>
configure:4872: result: no
configure:4872: checking google/sparse_hash_map presence
configure:4872: g++ -E  conftest.cpp
conftest.cpp:22:10: fatal error: google/sparse_hash_map: No such file or directory
 #include <google/sparse_hash_map>
          ^~~~~~~~~~~~~~~~~~~~~~~~
compilation terminated.
configure:4872: $? = 1
configure: failed program was:
| /* confdefs.h */
| #define PACKAGE_NAME "svaba"
| #define PACKAGE_TARNAME "svaba"
| #define PACKAGE_VERSION "1.0"
| #define PACKAGE_STRING "svaba 1.0"
| #define PACKAGE_BUGREPORT "jwala@broadinstitute.org"
| #define PACKAGE_URL ""
| #define PACKAGE "svaba"
| #define VERSION "1.0"
| #define STDC_HEADERS 1
| #define HAVE_SYS_TYPES_H 1
| #define HAVE_SYS_STAT_H 1
| #define HAVE_STDLIB_H 1
| #define HAVE_STRING_H 1
| #define HAVE_MEMORY_H 1
| #define HAVE_STRINGS_H 1
| #define HAVE_INTTYPES_H 1
| #define HAVE_STDINT_H 1
| #define HAVE_UNISTD_H 1
| #define HAVE_CLOCK_GETTIME 1
| /* end confdefs.h.  */
| #include <google/sparse_hash_map>
configure:4872: result: no
configure:4872: checking for google/sparse_hash_map
configure:4872: result: no
configure:4872: checking unordered_map usability
configure:4872: g++ -c -g -O2  conftest.cpp >&5
configure:4872: $? = 0
configure:4872: result: yes
configure:4872: checking unordered_map presence
configure:4872: g++ -E  conftest.cpp
configure:4872: $? = 0
configure:4872: result: yes
configure:4872: checking for unordered_map
configure:4872: result: yes
configure:4872: checking tr1/unordered_map usability
configure:4872: g++ -c -g -O2  conftest.cpp >&5
configure:4872: $? = 0
configure:4872: result: yes
configure:4872: checking tr1/unordered_map presence
configure:4872: g++ -E  conftest.cpp
configure:4872: $? = 0
configure:4872: result: yes
configure:4872: checking for tr1/unordered_map
configure:4872: result: yes
configure:4872: checking ext/hash_map usability
configure:4872: g++ -c -g -O2  conftest.cpp >&5
In file included from /usr/include/c++/7/ext/hash_map:60:0,
                 from conftest.cpp:57:
/usr/include/c++/7/backward/backward_warning.h:32:2: warning: #warning This file includes at least one deprecated or antiquated header which may be removed without further notice at a future date. Please use a non-deprecated interface with equivalent functionality instead. For a listing of replacement headers and interfaces, consult the file backward_warning.h. To disable this warning use -Wno-deprecated. [-Wcpp]
 #warning \
  ^~~~~~~
configure:4872: $? = 0
configure:4872: result: yes
configure:4872: checking ext/hash_map presence
configure:4872: g++ -E  conftest.cpp
In file included from /usr/include/c++/7/ext/hash_map:60:0,
                 from conftest.cpp:24:
/usr/include/c++/7/backward/backward_warning.h:32:2: warning: #warning This file includes at least one deprecated or antiquated header which may be removed without further notice at a future date. Please use a non-deprecated interface with equivalent functionality instead. For a listing of replacement headers and interfaces, consult the file backward_warning.h. To disable this warning use -Wno-deprecated. [-Wcpp]
 #warning \
  ^~~~~~~
configure:4872: $? = 0
configure:4872: result: yes
configure:4872: checking for ext/hash_map
configure:4872: result: yes
configure:4872: checking unordered_set usability
configure:4872: g++ -c -g -O2  conftest.cpp >&5
configure:4872: $? = 0
configure:4872: result: yes
configure:4872: checking unordered_set presence
configure:4872: g++ -E  conftest.cpp
configure:4872: $? = 0
configure:4872: result: yes
configure:4872: checking for unordered_set
configure:4872: result: yes
configure:4872: checking tr1/unordered_set usability
configure:4872: g++ -c -g -O2  conftest.cpp >&5
configure:4872: $? = 0
configure:4872: result: yes
configure:4872: checking tr1/unordered_set presence
configure:4872: g++ -E  conftest.cpp
configure:4872: $? = 0
configure:4872: result: yes
configure:4872: checking for tr1/unordered_set
configure:4872: result: yes
configure:4872: checking ext/hash_set usability
configure:4872: g++ -c -g -O2  conftest.cpp >&5
In file included from /usr/include/c++/7/ext/hash_set:60:0,
                 from conftest.cpp:60:
/usr/include/c++/7/backward/backward_warning.h:32:2: warning: #warning This file includes at least one deprecated or antiquated header which may be removed without further notice at a future date. Please use a non-deprecated interface with equivalent functionality instead. For a listing of replacement headers and interfaces, consult the file backward_warning.h. To disable this warning use -Wno-deprecated. [-Wcpp]
 #warning \
  ^~~~~~~
configure:4872: $? = 0
configure:4872: result: yes
configure:4872: checking ext/hash_set presence
configure:4872: g++ -E  conftest.cpp
In file included from /usr/include/c++/7/ext/hash_set:60:0,
                 from conftest.cpp:27:
/usr/include/c++/7/backward/backward_warning.h:32:2: warning: #warning This file includes at least one deprecated or antiquated header which may be removed without further notice at a future date. Please use a non-deprecated interface with equivalent functionality instead. For a listing of replacement headers and interfaces, consult the file backward_warning.h. To disable this warning use -Wno-deprecated. [-Wcpp]
 #warning \
  ^~~~~~~
configure:4872: $? = 0
configure:4872: result: yes
configure:4872: checking for ext/hash_set
configure:4872: result: yes
configure:4998: checking that generated files are newer than configure
configure:5004: result: done
configure:5035: creating ./config.status

## ---------------------- ##
## Running config.status. ##
## ---------------------- ##

This file was extended by svaba config.status 1.0, which was
generated by GNU Autoconf 2.69.  Invocation command line was

  CONFIG_FILES    = 
  CONFIG_HEADERS  = 
  CONFIG_LINKS    = 
  CONFIG_COMMANDS = 
  $ ./config.status 

on sushi.biocenter.helsinki.fi

config.status:880: creating Makefile
config.status:880: creating SeqLib/src/Makefile
config.status:880: creating src/SGA/Util/Makefile
config.status:880: creating src/SGA/SQG/Makefile
config.status:880: creating src/SGA/Bigraph/Makefile
config.status:880: creating src/SGA/Algorithm/Makefile
config.status:880: creating src/SGA/StringGraph/Makefile
config.status:880: creating src/SGA/SuffixTools/Makefile
config.status:880: creating src/SGA/SGA/Makefile
config.status:880: creating src/svaba/Makefile
config.status:880: creating config.h
config.status:1061: config.h is unchanged
config.status:1109: executing depfiles commands

## ---------------- ##
## Cache variables. ##
## ---------------- ##

ac_cv_c_compiler_gnu=yes
ac_cv_cxx_compiler_gnu=yes
ac_cv_env_CCC_set=
ac_cv_env_CCC_value=
ac_cv_env_CC_set=
ac_cv_env_CC_value=
ac_cv_env_CFLAGS_set=
ac_cv_env_CFLAGS_value=
ac_cv_env_CPPFLAGS_set=
ac_cv_env_CPPFLAGS_value=
ac_cv_env_CXXCPP_set=
ac_cv_env_CXXCPP_value=
ac_cv_env_CXXFLAGS_set=
ac_cv_env_CXXFLAGS_value=
ac_cv_env_CXX_set=
ac_cv_env_CXX_value=
ac_cv_env_LDFLAGS_set=
ac_cv_env_LDFLAGS_value=
ac_cv_env_LIBS_set=
ac_cv_env_LIBS_value=
ac_cv_env_build_alias_set=
ac_cv_env_build_alias_value=
ac_cv_env_host_alias_set=
ac_cv_env_host_alias_value=
ac_cv_env_target_alias_set=
ac_cv_env_target_alias_value=
ac_cv_header_ext_hash_map=yes
ac_cv_header_ext_hash_set=yes
ac_cv_header_google_sparse_hash_map=no
ac_cv_header_google_sparse_hash_set=no
ac_cv_header_inttypes_h=yes
ac_cv_header_memory_h=yes
ac_cv_header_stdc=yes
ac_cv_header_stdint_h=yes
ac_cv_header_stdlib_h=yes
ac_cv_header_string_h=yes
ac_cv_header_strings_h=yes
ac_cv_header_sys_stat_h=yes
ac_cv_header_sys_types_h=yes
ac_cv_header_tr1_unordered_map=yes
ac_cv_header_tr1_unordered_set=yes
ac_cv_header_unistd_h=yes
ac_cv_header_unordered_map=yes
ac_cv_header_unordered_set=yes
ac_cv_header_zlib_h=yes
ac_cv_objext=o
ac_cv_path_EGREP='/bin/grep -E'
ac_cv_path_GREP=/bin/grep
ac_cv_path_install='/usr/bin/install -c'
ac_cv_path_mkdir=/bin/mkdir
ac_cv_prog_AWK=gawk
ac_cv_prog_CXXCPP='g++ -E'
ac_cv_prog_ac_ct_CC=gcc
ac_cv_prog_ac_ct_CXX=g++
ac_cv_prog_ac_ct_RANLIB=ranlib
ac_cv_prog_cc_c89=
ac_cv_prog_cc_g=yes
ac_cv_prog_cxx_g=yes
ac_cv_prog_make_make_set=yes
ac_cv_search_clock_gettime='none required'
ac_cv_search_gzopen=-lz
am_cv_CC_dependencies_compiler_type=none
am_cv_CXX_dependencies_compiler_type=none
am_cv_make_support_nested_variables=yes
am_cv_prog_cc_c_o=yes

## ----------------- ##
## Output variables. ##
## ----------------- ##

ACLOCAL='aclocal-1.15'
AMDEPBACKSLASH='\'
AMDEP_FALSE='#'
AMDEP_TRUE=''
AMTAR='$${TAR-tar}'
AM_BACKSLASH='\'
AM_CXXFLAGS='-g -Wall -Wextra  -Wno-unknown-pragmas -std=c++11 -D_GLIBCXX_USE_CXX11_ABI=0'
AM_DEFAULT_V='$(AM_DEFAULT_VERBOSITY)'
AM_DEFAULT_VERBOSITY='1'
AM_V='$(V)'
AUTOCONF='autoconf'
AUTOHEADER='autoheader'
AUTOMAKE='automake-1.15'
AWK='gawk'
CC='gcc'
CCDEPMODE='depmode=none'
CFLAGS='-g -O2'
CPPFLAGS=''
CXX='g++'
CXXCPP='g++ -E'
CXXDEPMODE='depmode=none'
CXXFLAGS='-g -O2'
CYGPATH_W='echo'
DEFS='-DHAVE_CONFIG_H'
DEPDIR='.deps'
ECHO_C=''
ECHO_N='-n'
ECHO_T=''
EGREP='/bin/grep -E'
EXEEXT=''
GREP='/bin/grep'
INSTALL_DATA='${INSTALL} -m 644'
INSTALL_PROGRAM='${INSTALL}'
INSTALL_SCRIPT='${INSTALL}'
INSTALL_STRIP_PROGRAM='$(install_sh) -c -s'
LDFLAGS=' -pthread -std=c++11'
LIBOBJS=''
LIBS='-lz '
LTLIBOBJS=''
MAINT='#'
MAINTAINER_MODE_FALSE=''
MAINTAINER_MODE_TRUE='#'
MAKEINFO='makeinfo'
MKDIR_P='/bin/mkdir -p'
OBJEXT='o'
PACKAGE='svaba'
PACKAGE_BUGREPORT='jwala@broadinstitute.org'
PACKAGE_NAME='svaba'
PACKAGE_STRING='svaba 1.0'
PACKAGE_TARNAME='svaba'
PACKAGE_URL=''
PACKAGE_VERSION='1.0'
PATH_SEPARATOR=':'
RANLIB='ranlib'
SET_MAKE=''
SHELL='/bin/bash'
STRIP=''
VERSION='1.0'
ac_ct_CC='gcc'
ac_ct_CXX='g++'
am__EXEEXT_FALSE=''
am__EXEEXT_TRUE='#'
am__fastdepCC_FALSE=''
am__fastdepCC_TRUE='#'
am__fastdepCXX_FALSE=''
am__fastdepCXX_TRUE='#'
am__include='include'
am__isrc=''
am__leading_dot='.'
am__nodep='_no'
am__quote=''
am__tar='$${TAR-tar} chof - "$$tardir"'
am__untar='$${TAR-tar} xf -'
bindir='${exec_prefix}/bin'
build_alias=''
datadir='${datarootdir}'
datarootdir='${prefix}/share'
docdir='${datarootdir}/doc/${PACKAGE_TARNAME}'
dvidir='${docdir}'
exec_prefix='${prefix}'
host_alias=''
htmldir='${docdir}'
includedir='${prefix}/include'
infodir='${datarootdir}/info'
install_sh='${SHELL} /data/aloytyno/4pm/tsm_methods/svaba/install-sh'
libdir='${exec_prefix}/lib'
libexecdir='${exec_prefix}/libexec'
localedir='${datarootdir}/locale'
localstatedir='${prefix}/var'
mandir='${datarootdir}/man'
mkdir_p='$(MKDIR_P)'
oldincludedir='/usr/include'
pdfdir='${docdir}'
prefix='/usr/local'
program_transform_name='s,x,x,'
psdir='${docdir}'
runstatedir='${localstatedir}/run'
sbindir='${exec_prefix}/sbin'
sharedstatedir='${prefix}/com'
sysconfdir='${prefix}/etc'
target_alias=''

## ----------- ##
## confdefs.h. ##
## ----------- ##

/* confdefs.h */
#define PACKAGE_NAME "svaba"
#define PACKAGE_TARNAME "svaba"
#define PACKAGE_VERSION "1.0"
#define PACKAGE_STRING "svaba 1.0"
#define PACKAGE_BUGREPORT "jwala@broadinstitute.org"
#define PACKAGE_URL ""
#define PACKAGE "svaba"
#define VERSION "1.0"
#define STDC_HEADERS 1
#define HAVE_SYS_TYPES_H 1
#define HAVE_SYS_STAT_H 1
#define HAVE_STDLIB_H 1
#define HAVE_STRING_H 1
#define HAVE_MEMORY_H 1
#define HAVE_STRINGS_H 1
#define HAVE_INTTYPES_H 1
#define HAVE_STDINT_H 1
#define HAVE_UNISTD_H 1
#define HAVE_CLOCK_GETTIME 1
#define HAVE_UNORDERED_MAP 1
#define HAVE_TR1_UNORDERED_MAP 1
#define HAVE_EXT_HASH_MAP 1
#define HAVE_UNORDERED_SET 1
#define HAVE_TR1_UNORDERED_SET 1
#define HAVE_EXT_HASH_SET 1

configure: exit 0
